<?xml version="1.0" encoding="UTF-8"?>
<testsuite xmlns:xsi="http://www.w3.org/2001/XMLSchema-instance" xsi:noNamespaceSchemaLocation="https://maven.apache.org/surefire/maven-surefire-plugin/xsd/surefire-test-report-3.0.xsd" version="3.0" name="com.interview.controller.UserControllerTest" time="1.536" tests="11" errors="0" skipped="0" failures="0">
  <properties>
[...]
</properties>
  <testcase name="getUserById_ShouldReturnUser_WhenUserExists" classname="com.interview.controller.UserControllerTest" time="0.063">
    <system-out><![CDATA[21:06:53.276 [main] INFO org.springframework.test.context.support.AnnotationConfigContextLoaderUtils -- Could not detect default configuration classes for test class [com.interview.controller.UserControllerTest]: UserControllerTest does not declare any static, non-private, non-final, nested classes annotated with @Configuration.
21:06:53.314 [main] INFO org.springframework.boot.test.context.SpringBootTestContextBootstrapper -- Found @SpringBootConfiguration com.interview.SpringReactiveDemoApplication for test class com.interview.controller.UserControllerTest

  .   ____          _            __ _ _
 /\\ / ___'_ __ _ _(_)_ __  __ _ \ \ \ \
( ( )\___ | '_ | '_| | '_ \/ _` | \ \ \ \
 \\/  ___)| |_)| | | | | || (_| |  ) ) ) )
  '  |____| .__|_| |_|_| |_\__, | / / / /
 =========|_|==============|___/=/_/_/_/
 :: Spring Boot ::                (v3.2.0)

2025-07-23T21:06:53.435-05:00  INFO 96749 --- [spring-reactive-demo] [           main] c.i.controller.UserControllerTest        : Starting UserControllerTest using Java 21.0.6 with PID 96749 (started by javierjaramillo in /Users/javierjaramillo/Desktop/vibe_coding/spring)
2025-07-23T21:06:53.435-05:00 DEBUG 96749 --- [spring-reactive-demo] [           main] c.i.controller.UserControllerTest        : Running with Spring Boot v3.2.0, Spring v6.1.1
2025-07-23T21:06:53.435-05:00  INFO 96749 --- [spring-reactive-demo] [           main] c.i.controller.UserControllerTest        : No active profile set, falling back to 1 default profile: "default"
2025-07-23T21:06:53.565-05:00  INFO 96749 --- [spring-reactive-demo] [           main] .s.d.r.c.RepositoryConfigurationDelegate : Bootstrapping Spring Data R2DBC repositories in DEFAULT mode.
2025-07-23T21:06:53.604-05:00  INFO 96749 --- [spring-reactive-demo] [           main] .s.d.r.c.RepositoryConfigurationDelegate : Finished Spring Data repository scanning in 37 ms. Found 1 R2DBC repository interface.
2025-07-23T21:06:54.562-05:00 DEBUG 96749 --- [spring-reactive-demo] [       single-1] io.r2dbc.h2.client.SessionClient         : Request:  CALL H2VERSION()
2025-07-23T21:06:54.563-05:00 DEBUG 96749 --- [spring-reactive-demo] [       single-1] io.r2dbc.h2.client.SessionClient         : Response: org.h2.result.LocalResult@30f7fd92 columns: 1 rows: 1 pos: -1
2025-07-23T21:06:54.566-05:00 DEBUG 96749 --- [spring-reactive-demo] [       single-1] io.r2dbc.h2.client.SessionClient         : Request:  SELECT CURRENT_TIMESTAMP
2025-07-23T21:06:54.567-05:00 DEBUG 96749 --- [spring-reactive-demo] [       single-1] io.r2dbc.h2.client.SessionClient         : Response: org.h2.result.LocalResult@2ded2945 columns: 1 rows: 1 pos: -1
2025-07-23T21:06:54.568-05:00 DEBUG 96749 --- [spring-reactive-demo] [       single-1] o.s.r2dbc.connection.init.ScriptUtils    : Executing SQL script from class path resource [schema.sql]
2025-07-23T21:06:54.576-05:00 DEBUG 96749 --- [spring-reactive-demo] [       single-1] io.r2dbc.h2.client.SessionClient         : Request:  CALL H2VERSION()
2025-07-23T21:06:54.576-05:00 DEBUG 96749 --- [spring-reactive-demo] [       single-1] io.r2dbc.h2.client.SessionClient         : Response: org.h2.result.LocalResult@fb9f999 columns: 1 rows: 1 pos: -1
2025-07-23T21:06:54.577-05:00 DEBUG 96749 --- [spring-reactive-demo] [       single-1] io.r2dbc.h2.client.SessionClient         : Request:  CALL H2VERSION()
2025-07-23T21:06:54.577-05:00 DEBUG 96749 --- [spring-reactive-demo] [       single-1] io.r2dbc.h2.client.SessionClient         : Response: org.h2.result.LocalResult@6fe55570 columns: 1 rows: 1 pos: -1
2025-07-23T21:06:54.586-05:00 DEBUG 96749 --- [spring-reactive-demo] [       single-1] io.r2dbc.h2.client.SessionClient         : Request:  CALL H2VERSION()
2025-07-23T21:06:54.586-05:00 DEBUG 96749 --- [spring-reactive-demo] [       single-1] io.r2dbc.h2.client.SessionClient         : Response: org.h2.result.LocalResult@29c9c2c7 columns: 1 rows: 1 pos: -1
2025-07-23T21:06:54.586-05:00 DEBUG 96749 --- [spring-reactive-demo] [       single-1] io.r2dbc.h2.client.SessionClient         : Request:  CALL H2VERSION()
2025-07-23T21:06:54.586-05:00 DEBUG 96749 --- [spring-reactive-demo] [       single-1] io.r2dbc.h2.client.SessionClient         : Response: org.h2.result.LocalResult@2b11732b columns: 1 rows: 1 pos: -1
2025-07-23T21:06:54.587-05:00 DEBUG 96749 --- [spring-reactive-demo] [       single-1] io.r2dbc.h2.client.SessionClient         : Request:  CALL H2VERSION()
2025-07-23T21:06:54.587-05:00 DEBUG 96749 --- [spring-reactive-demo] [       single-1] io.r2dbc.h2.client.SessionClient         : Response: org.h2.result.LocalResult@6b2432e1 columns: 1 rows: 1 pos: -1
2025-07-23T21:06:54.587-05:00 DEBUG 96749 --- [spring-reactive-demo] [       single-1] io.r2dbc.h2.client.SessionClient         : Request:  CALL H2VERSION()
2025-07-23T21:06:54.587-05:00 DEBUG 96749 --- [spring-reactive-demo] [       single-1] io.r2dbc.h2.client.SessionClient         : Response: org.h2.result.LocalResult@2eafa420 columns: 1 rows: 1 pos: -1
2025-07-23T21:06:54.587-05:00 DEBUG 96749 --- [spring-reactive-demo] [       single-1] io.r2dbc.h2.client.SessionClient         : Request:  CALL H2VERSION()
2025-07-23T21:06:54.587-05:00 DEBUG 96749 --- [spring-reactive-demo] [       single-1] io.r2dbc.h2.client.SessionClient         : Response: org.h2.result.LocalResult@491794c8 columns: 1 rows: 1 pos: -1
2025-07-23T21:06:54.587-05:00 DEBUG 96749 --- [spring-reactive-demo] [       single-1] io.r2dbc.h2.client.SessionClient         : Request:  CALL H2VERSION()
2025-07-23T21:06:54.587-05:00 DEBUG 96749 --- [spring-reactive-demo] [       single-1] io.r2dbc.h2.client.SessionClient         : Response: org.h2.result.LocalResult@693f2eea columns: 1 rows: 1 pos: -1
2025-07-23T21:06:54.588-05:00 DEBUG 96749 --- [spring-reactive-demo] [       single-1] io.r2dbc.h2.client.SessionClient         : Request:  CALL H2VERSION()
2025-07-23T21:06:54.588-05:00 DEBUG 96749 --- [spring-reactive-demo] [       single-1] io.r2dbc.h2.client.SessionClient         : Response: org.h2.result.LocalResult@23c6aa16 columns: 1 rows: 1 pos: -1
2025-07-23T21:06:54.588-05:00 DEBUG 96749 --- [spring-reactive-demo] [       Thread-4] io.r2dbc.h2.client.SessionClient         : Request:  DROP TABLE IF EXISTS users
2025-07-23T21:06:54.588-05:00 DEBUG 96749 --- [spring-reactive-demo] [       Thread-4] o.s.r2dbc.connection.init.ScriptUtils    : 0 returned as update count for SQL: DROP TABLE IF EXISTS users
2025-07-23T21:06:54.590-05:00 DEBUG 96749 --- [spring-reactive-demo] [       Thread-4] io.r2dbc.h2.client.SessionClient         : Request:  CREATE TABLE users ( id BIGINT AUTO_INCREMENT PRIMARY KEY, name VARCHAR(50) NOT NULL, email VARCHAR(100) NOT NULL UNIQUE, department VARCHAR(50) )
2025-07-23T21:06:54.591-05:00 DEBUG 96749 --- [spring-reactive-demo] [       Thread-4] o.s.r2dbc.connection.init.ScriptUtils    : 0 returned as update count for SQL: CREATE TABLE users ( id BIGINT AUTO_INCREMENT PRIMARY KEY, name VARCHAR(50) NOT NULL, email VARCHAR(100) NOT NULL UNIQUE, department VARCHAR(50) )
2025-07-23T21:06:54.592-05:00 DEBUG 96749 --- [spring-reactive-demo] [       Thread-4] o.s.r2dbc.connection.init.ScriptUtils    : Executed SQL script from class path resource [schema.sql] in 23 ms.
2025-07-23T21:06:54.593-05:00 DEBUG 96749 --- [spring-reactive-demo] [       Thread-4] io.r2dbc.h2.client.SessionClient         : Request:  SELECT CURRENT_TIMESTAMP
2025-07-23T21:06:54.593-05:00 DEBUG 96749 --- [spring-reactive-demo] [       Thread-4] io.r2dbc.h2.client.SessionClient         : Response: org.h2.result.LocalResult@4b3c8e47 columns: 1 rows: 1 pos: -1
2025-07-23T21:06:54.594-05:00 DEBUG 96749 --- [spring-reactive-demo] [           main] io.r2dbc.h2.client.SessionClient         : Request:  SELECT CURRENT_TIMESTAMP
2025-07-23T21:06:54.594-05:00 DEBUG 96749 --- [spring-reactive-demo] [           main] io.r2dbc.h2.client.SessionClient         : Response: org.h2.result.LocalResult@2133b712 columns: 1 rows: 1 pos: -1
2025-07-23T21:06:54.594-05:00 DEBUG 96749 --- [spring-reactive-demo] [           main] o.s.r2dbc.connection.init.ScriptUtils    : Executing SQL script from class path resource [data.sql]
2025-07-23T21:06:54.595-05:00 DEBUG 96749 --- [spring-reactive-demo] [       Thread-3] io.r2dbc.h2.client.SessionClient         : Request:  INSERT INTO users (name, email, department) VALUES ('John Doe', 'john.doe@company.com', 'Engineering'), ('Jane Smith', 'jane.smith@company.com', 'Marketing'), ('Bob Johnson', 'bob.johnson@company.com', 'Engineering'), ('Alice Brown', 'alice.brown@company.com', 'HR'), ('Charlie Wilson', 'charlie.wilson@company.com', 'Sales')
2025-07-23T21:06:54.596-05:00 DEBUG 96749 --- [spring-reactive-demo] [       Thread-3] o.s.r2dbc.connection.init.ScriptUtils    : 5 returned as update count for SQL: INSERT INTO users (name, email, department) VALUES ('John Doe', 'john.doe@company.com', 'Engineering'), ('Jane Smith', 'jane.smith@company.com', 'Marketing'), ('Bob Johnson', 'bob.johnson@company.com', 'Engineering'), ('Alice Brown', 'alice.brown@company.com', 'HR'), ('Charlie Wilson', 'charlie.wilson@company.com', 'Sales')
2025-07-23T21:06:54.596-05:00 DEBUG 96749 --- [spring-reactive-demo] [       Thread-3] o.s.r2dbc.connection.init.ScriptUtils    : Executed SQL script from class path resource [data.sql] in 2 ms.
2025-07-23T21:06:54.596-05:00 DEBUG 96749 --- [spring-reactive-demo] [       Thread-3] io.r2dbc.h2.client.SessionClient         : Request:  SELECT CURRENT_TIMESTAMP
2025-07-23T21:06:54.596-05:00 DEBUG 96749 --- [spring-reactive-demo] [       Thread-3] io.r2dbc.h2.client.SessionClient         : Response: org.h2.result.LocalResult@6071588 columns: 1 rows: 1 pos: -1
2025-07-23T21:06:54.618-05:00  INFO 96749 --- [spring-reactive-demo] [           main] c.i.controller.UserControllerTest        : Started UserControllerTest in 1.265 seconds (process running for 1.571)
]]></system-out>
    <system-err><![CDATA[WARNING: A Java agent has been loaded dynamically (/Users/javierjaramillo/.m2/repository/net/bytebuddy/byte-buddy-agent/1.14.10/byte-buddy-agent-1.14.10.jar)
WARNING: If a serviceability tool is in use, please run with -XX:+EnableDynamicAgentLoading to hide this warning
WARNING: If a serviceability tool is not in use, please run with -Djdk.instrument.traceUsage for more information
WARNING: Dynamic loading of agents will be disallowed by default in a future release
]]></system-err>
  </testcase>
  <testcase name="getUserEmailsByDepartment_ShouldReturnEmails" classname="com.interview.controller.UserControllerTest" time="0.008"/>
  <testcase name="updateUser_ShouldReturnUpdatedUser" classname="com.interview.controller.UserControllerTest" time="0.03"/>
  <testcase name="searchUsers_ShouldReturnMatchingUsers" classname="com.interview.controller.UserControllerTest" time="0.007"/>
  <testcase name="createUser_ShouldReturn400_WhenValidationFails" classname="com.interview.controller.UserControllerTest" time="0.01"/>
  <testcase name="createUser_ShouldReturnCreatedUser" classname="com.interview.controller.UserControllerTest" time="0.003"/>
  <testcase name="getUserById_ShouldReturn404_WhenUserNotFound" classname="com.interview.controller.UserControllerTest" time="0.001"/>
  <testcase name="getUsersByDepartment_ShouldReturnFilteredUsers" classname="com.interview.controller.UserControllerTest" time="0.001"/>
  <testcase name="getAllUsers_ShouldReturnAllUsers" classname="com.interview.controller.UserControllerTest" time="0.002"/>
  <testcase name="deleteUser_ShouldReturn204" classname="com.interview.controller.UserControllerTest" time="0.002"/>
  <testcase name="getUserCountByDepartment_ShouldReturnCount" classname="com.interview.controller.UserControllerTest" time="0.002"/>
</testsuite>