<?xml version="1.0" encoding="UTF-8"?>
<testsuite xmlns:xsi="http://www.w3.org/2001/XMLSchema-instance" xsi:noNamespaceSchemaLocation="https://maven.apache.org/surefire/maven-surefire-plugin/xsd/surefire-test-report-3.0.xsd" version="3.0" name="com.interview.SpringReactiveDemoApplicationTests" time="1.397" tests="11" errors="0" skipped="0" failures="0">
  <properties>
[...]
</properties>
  <testcase name="getUsersByDepartment_IntegrationTest" classname="com.interview.SpringReactiveDemoApplicationTests" time="0.066">
    <system-out><![CDATA[2025-07-23T21:04:54.769-05:00  INFO 95508 --- [spring-reactive-demo] [           main] t.c.s.AnnotationConfigContextLoaderUtils : Could not detect default configuration classes for test class [com.interview.SpringReactiveDemoApplicationTests]: SpringReactiveDemoApplicationTests does not declare any static, non-private, non-final, nested classes annotated with @Configuration.
2025-07-23T21:04:54.770-05:00  INFO 95508 --- [spring-reactive-demo] [           main] .b.t.c.SpringBootTestContextBootstrapper : Found @SpringBootConfiguration com.interview.SpringReactiveDemoApplication for test class com.interview.SpringReactiveDemoApplicationTests

  .   ____          _            __ _ _
 /\\ / ___'_ __ _ _(_)_ __  __ _ \ \ \ \
( ( )\___ | '_ | '_| | '_ \/ _` | \ \ \ \
 \\/  ___)| |_)| | | | | || (_| |  ) ) ) )
  '  |____| .__|_| |_|_| |_\__, | / / / /
 =========|_|==============|___/=/_/_/_/
 :: Spring Boot ::                (v3.2.0)

2025-07-23T21:04:54.782-05:00  INFO 95508 --- [spring-reactive-demo] [           main] c.i.SpringReactiveDemoApplicationTests   : Starting SpringReactiveDemoApplicationTests using Java 21.0.6 with PID 95508 (started by javierjaramillo in /Users/javierjaramillo/Desktop/vibe_coding/spring)
2025-07-23T21:04:54.782-05:00 DEBUG 95508 --- [spring-reactive-demo] [           main] c.i.SpringReactiveDemoApplicationTests   : Running with Spring Boot v3.2.0, Spring v6.1.1
2025-07-23T21:04:54.782-05:00  INFO 95508 --- [spring-reactive-demo] [           main] c.i.SpringReactiveDemoApplicationTests   : No active profile set, falling back to 1 default profile: "default"
2025-07-23T21:04:54.808-05:00  INFO 95508 --- [spring-reactive-demo] [           main] .s.d.r.c.RepositoryConfigurationDelegate : Bootstrapping Spring Data R2DBC repositories in DEFAULT mode.
2025-07-23T21:04:54.810-05:00  INFO 95508 --- [spring-reactive-demo] [           main] .s.d.r.c.RepositoryConfigurationDelegate : Finished Spring Data repository scanning in 1 ms. Found 1 R2DBC repository interface.
2025-07-23T21:04:54.897-05:00 DEBUG 95508 --- [spring-reactive-demo] [       single-1] io.r2dbc.h2.client.SessionClient         : Request:  CALL H2VERSION()
2025-07-23T21:04:54.897-05:00 DEBUG 95508 --- [spring-reactive-demo] [       single-1] io.r2dbc.h2.client.SessionClient         : Response: org.h2.result.LocalResult@499259b4 columns: 1 rows: 1 pos: -1
2025-07-23T21:04:54.897-05:00 DEBUG 95508 --- [spring-reactive-demo] [       single-1] io.r2dbc.h2.client.SessionClient         : Request:  SELECT CURRENT_TIMESTAMP
2025-07-23T21:04:54.897-05:00 DEBUG 95508 --- [spring-reactive-demo] [       single-1] io.r2dbc.h2.client.SessionClient         : Response: org.h2.result.LocalResult@275ad640 columns: 1 rows: 1 pos: -1
2025-07-23T21:04:54.897-05:00 DEBUG 95508 --- [spring-reactive-demo] [       single-1] o.s.r2dbc.connection.init.ScriptUtils    : Executing SQL script from class path resource [schema.sql]
2025-07-23T21:04:54.897-05:00 DEBUG 95508 --- [spring-reactive-demo] [       single-1] io.r2dbc.h2.client.SessionClient         : Request:  CALL H2VERSION()
2025-07-23T21:04:54.897-05:00 DEBUG 95508 --- [spring-reactive-demo] [       single-1] io.r2dbc.h2.client.SessionClient         : Response: org.h2.result.LocalResult@27eb9620 columns: 1 rows: 1 pos: -1
2025-07-23T21:04:54.897-05:00 DEBUG 95508 --- [spring-reactive-demo] [       single-1] io.r2dbc.h2.client.SessionClient         : Request:  CALL H2VERSION()
2025-07-23T21:04:54.897-05:00 DEBUG 95508 --- [spring-reactive-demo] [       single-1] io.r2dbc.h2.client.SessionClient         : Response: org.h2.result.LocalResult@7cef3490 columns: 1 rows: 1 pos: -1
2025-07-23T21:04:54.898-05:00 DEBUG 95508 --- [spring-reactive-demo] [       Thread-3] io.r2dbc.h2.client.SessionClient         : Request:  DROP TABLE IF EXISTS users
2025-07-23T21:04:54.898-05:00 DEBUG 95508 --- [spring-reactive-demo] [       single-1] io.r2dbc.h2.client.SessionClient         : Request:  CALL H2VERSION()
2025-07-23T21:04:54.898-05:00 DEBUG 95508 --- [spring-reactive-demo] [       single-1] io.r2dbc.h2.client.SessionClient         : Response: org.h2.result.LocalResult@69f7c67 columns: 1 rows: 1 pos: -1
2025-07-23T21:04:54.898-05:00 DEBUG 95508 --- [spring-reactive-demo] [       single-1] io.r2dbc.h2.client.SessionClient         : Request:  CALL H2VERSION()
2025-07-23T21:04:54.898-05:00 DEBUG 95508 --- [spring-reactive-demo] [       Thread-3] o.s.r2dbc.connection.init.ScriptUtils    : 0 returned as update count for SQL: DROP TABLE IF EXISTS users
2025-07-23T21:04:54.898-05:00 DEBUG 95508 --- [spring-reactive-demo] [       single-1] io.r2dbc.h2.client.SessionClient         : Response: org.h2.result.LocalResult@77064222 columns: 1 rows: 1 pos: -1
2025-07-23T21:04:54.898-05:00 DEBUG 95508 --- [spring-reactive-demo] [       single-1] io.r2dbc.h2.client.SessionClient         : Request:  CALL H2VERSION()
2025-07-23T21:04:54.898-05:00 DEBUG 95508 --- [spring-reactive-demo] [       single-1] io.r2dbc.h2.client.SessionClient         : Response: org.h2.result.LocalResult@c278074 columns: 1 rows: 1 pos: -1
2025-07-23T21:04:54.898-05:00 DEBUG 95508 --- [spring-reactive-demo] [       Thread-3] io.r2dbc.h2.client.SessionClient         : Request:  CREATE TABLE users ( id BIGINT AUTO_INCREMENT PRIMARY KEY, name VARCHAR(50) NOT NULL, email VARCHAR(100) NOT NULL UNIQUE, department VARCHAR(50) )
2025-07-23T21:04:54.898-05:00 DEBUG 95508 --- [spring-reactive-demo] [       single-1] io.r2dbc.h2.client.SessionClient         : Request:  CALL H2VERSION()
2025-07-23T21:04:54.898-05:00 DEBUG 95508 --- [spring-reactive-demo] [       single-1] io.r2dbc.h2.client.SessionClient         : Response: org.h2.result.LocalResult@9697ed4 columns: 1 rows: 1 pos: -1
2025-07-23T21:04:54.898-05:00 DEBUG 95508 --- [spring-reactive-demo] [       single-1] io.r2dbc.h2.client.SessionClient         : Request:  CALL H2VERSION()
2025-07-23T21:04:54.898-05:00 DEBUG 95508 --- [spring-reactive-demo] [       single-1] io.r2dbc.h2.client.SessionClient         : Response: org.h2.result.LocalResult@74e847da columns: 1 rows: 1 pos: -1
2025-07-23T21:04:54.899-05:00 DEBUG 95508 --- [spring-reactive-demo] [       single-1] io.r2dbc.h2.client.SessionClient         : Request:  CALL H2VERSION()
2025-07-23T21:04:54.899-05:00 DEBUG 95508 --- [spring-reactive-demo] [       single-1] io.r2dbc.h2.client.SessionClient         : Response: org.h2.result.LocalResult@31ba1c37 columns: 1 rows: 1 pos: -1
2025-07-23T21:04:54.899-05:00 DEBUG 95508 --- [spring-reactive-demo] [       Thread-3] o.s.r2dbc.connection.init.ScriptUtils    : 0 returned as update count for SQL: CREATE TABLE users ( id BIGINT AUTO_INCREMENT PRIMARY KEY, name VARCHAR(50) NOT NULL, email VARCHAR(100) NOT NULL UNIQUE, department VARCHAR(50) )
2025-07-23T21:04:54.903-05:00 DEBUG 95508 --- [spring-reactive-demo] [       Thread-3] o.s.r2dbc.connection.init.ScriptUtils    : Executed SQL script from class path resource [schema.sql] in 6 ms.
2025-07-23T21:04:54.903-05:00 DEBUG 95508 --- [spring-reactive-demo] [       single-1] io.r2dbc.h2.client.SessionClient         : Request:  CALL H2VERSION()
2025-07-23T21:04:54.903-05:00 DEBUG 95508 --- [spring-reactive-demo] [       Thread-3] io.r2dbc.h2.client.SessionClient         : Request:  SELECT CURRENT_TIMESTAMP
2025-07-23T21:04:54.903-05:00 DEBUG 95508 --- [spring-reactive-demo] [       single-1] io.r2dbc.h2.client.SessionClient         : Response: org.h2.result.LocalResult@1ae0e54 columns: 1 rows: 1 pos: -1
2025-07-23T21:04:54.903-05:00 DEBUG 95508 --- [spring-reactive-demo] [       Thread-3] io.r2dbc.h2.client.SessionClient         : Response: org.h2.result.LocalResult@3be70a2c columns: 1 rows: 1 pos: -1
2025-07-23T21:04:54.904-05:00 DEBUG 95508 --- [spring-reactive-demo] [           main] io.r2dbc.h2.client.SessionClient         : Request:  SELECT CURRENT_TIMESTAMP
2025-07-23T21:04:54.904-05:00 DEBUG 95508 --- [spring-reactive-demo] [           main] io.r2dbc.h2.client.SessionClient         : Response: org.h2.result.LocalResult@55589ef5 columns: 1 rows: 1 pos: -1
2025-07-23T21:04:54.904-05:00 DEBUG 95508 --- [spring-reactive-demo] [           main] o.s.r2dbc.connection.init.ScriptUtils    : Executing SQL script from class path resource [data.sql]
2025-07-23T21:04:54.905-05:00 DEBUG 95508 --- [spring-reactive-demo] [       Thread-2] io.r2dbc.h2.client.SessionClient         : Request:  INSERT INTO users (name, email, department) VALUES ('John Doe', 'john.doe@company.com', 'Engineering'), ('Jane Smith', 'jane.smith@company.com', 'Marketing'), ('Bob Johnson', 'bob.johnson@company.com', 'Engineering'), ('Alice Brown', 'alice.brown@company.com', 'HR'), ('Charlie Wilson', 'charlie.wilson@company.com', 'Sales')
2025-07-23T21:04:54.905-05:00 DEBUG 95508 --- [spring-reactive-demo] [       Thread-2] o.s.r2dbc.connection.init.ScriptUtils    : 5 returned as update count for SQL: INSERT INTO users (name, email, department) VALUES ('John Doe', 'john.doe@company.com', 'Engineering'), ('Jane Smith', 'jane.smith@company.com', 'Marketing'), ('Bob Johnson', 'bob.johnson@company.com', 'Engineering'), ('Alice Brown', 'alice.brown@company.com', 'HR'), ('Charlie Wilson', 'charlie.wilson@company.com', 'Sales')
2025-07-23T21:04:54.905-05:00 DEBUG 95508 --- [spring-reactive-demo] [       Thread-2] o.s.r2dbc.connection.init.ScriptUtils    : Executed SQL script from class path resource [data.sql] in 1 ms.
2025-07-23T21:04:54.906-05:00 DEBUG 95508 --- [spring-reactive-demo] [       Thread-2] io.r2dbc.h2.client.SessionClient         : Request:  SELECT CURRENT_TIMESTAMP
2025-07-23T21:04:54.906-05:00 DEBUG 95508 --- [spring-reactive-demo] [       Thread-2] io.r2dbc.h2.client.SessionClient         : Response: org.h2.result.LocalResult@1de72af4 columns: 1 rows: 1 pos: -1
2025-07-23T21:04:54.960-05:00  INFO 95508 --- [spring-reactive-demo] [           main] o.s.b.web.embedded.netty.NettyWebServer  : Netty started on port 63429
2025-07-23T21:04:54.961-05:00  INFO 95508 --- [spring-reactive-demo] [           main] c.i.SpringReactiveDemoApplicationTests   : Started SpringReactiveDemoApplicationTests in 0.189 seconds (process running for 1.974)
2025-07-23T21:04:54.990-05:00 ERROR 95508 --- [spring-reactive-demo] [           main] i.n.r.d.DnsServerAddressStreamProviders  : Unable to load io.netty.resolver.dns.macos.MacOSDnsServerAddressStreamProvider, fallback to system defaults. This may result in incorrect DNS resolutions on MacOS. Check whether you have a dependency on 'io.netty:netty-resolver-dns-native-macos'. Use DEBUG level to see the full stack: java.lang.UnsatisfiedLinkError: failed to load the required native library
2025-07-23T21:04:55.030-05:00 DEBUG 95508 --- [spring-reactive-demo] [ctor-http-nio-4] io.r2dbc.h2.client.SessionClient         : Request:  SELECT CURRENT_TIMESTAMP
2025-07-23T21:04:55.030-05:00 DEBUG 95508 --- [spring-reactive-demo] [ctor-http-nio-4] io.r2dbc.h2.client.SessionClient         : Response: org.h2.result.LocalResult@5c19f174 columns: 1 rows: 1 pos: -1
2025-07-23T21:04:55.030-05:00 DEBUG 95508 --- [spring-reactive-demo] [ctor-http-nio-4] o.s.r2dbc.core.DefaultDatabaseClient     : Executing SQL statement [SELECT users.ID, users.NAME, users.EMAIL, users.DEPARTMENT FROM users WHERE users.DEPARTMENT = $1]
2025-07-23T21:04:55.030-05:00 DEBUG 95508 --- [spring-reactive-demo] [ctor-http-nio-4] io.r2dbc.h2.client.SessionClient         : Request:  SELECT users.ID, users.NAME, users.EMAIL, users.DEPARTMENT FROM users WHERE users.DEPARTMENT = $1 {1: 'Engineering'}
2025-07-23T21:04:55.030-05:00 DEBUG 95508 --- [spring-reactive-demo] [ctor-http-nio-4] io.r2dbc.h2.client.SessionClient         : Response: org.h2.result.LocalResult@301b892d columns: 4 rows: 2 pos: -1
2025-07-23T21:04:55.035-05:00 DEBUG 95508 --- [spring-reactive-demo] [ctor-http-nio-4] io.r2dbc.h2.client.SessionClient         : Request:  SELECT CURRENT_TIMESTAMP
2025-07-23T21:04:55.035-05:00 DEBUG 95508 --- [spring-reactive-demo] [ctor-http-nio-4] io.r2dbc.h2.client.SessionClient         : Response: org.h2.result.LocalResult@51025f19 columns: 1 rows: 1 pos: -1
]]></system-out>
  </testcase>
  <testcase name="invalidUserCreation_ShouldReturn400" classname="com.interview.SpringReactiveDemoApplicationTests" time="0.007"/>
  <testcase name="getAllUsers_IntegrationTest" classname="com.interview.SpringReactiveDemoApplicationTests" time="0.532">
    <system-out><![CDATA[2025-07-23T21:04:55.047-05:00 DEBUG 95508 --- [spring-reactive-demo] [ctor-http-nio-4] io.r2dbc.h2.client.SessionClient         : Request:  SELECT CURRENT_TIMESTAMP
2025-07-23T21:04:55.047-05:00 DEBUG 95508 --- [spring-reactive-demo] [ctor-http-nio-4] io.r2dbc.h2.client.SessionClient         : Response: org.h2.result.LocalResult@5210b07b columns: 1 rows: 1 pos: -1
2025-07-23T21:04:55.047-05:00 DEBUG 95508 --- [spring-reactive-demo] [ctor-http-nio-4] o.s.r2dbc.core.DefaultDatabaseClient     : Executing SQL statement [SELECT users.* FROM users]
2025-07-23T21:04:55.047-05:00 DEBUG 95508 --- [spring-reactive-demo] [ctor-http-nio-4] io.r2dbc.h2.client.SessionClient         : Request:  SELECT users.* FROM users
2025-07-23T21:04:55.047-05:00 DEBUG 95508 --- [spring-reactive-demo] [ctor-http-nio-4] io.r2dbc.h2.client.SessionClient         : Response: org.h2.result.LocalResult@21e70b30 columns: 4 rows: 5 pos: -1
2025-07-23T21:04:55.368-05:00 DEBUG 95508 --- [spring-reactive-demo] [     parallel-7] io.r2dbc.h2.client.SessionClient         : Request:  SELECT CURRENT_TIMESTAMP
2025-07-23T21:04:55.369-05:00 DEBUG 95508 --- [spring-reactive-demo] [     parallel-7] io.r2dbc.h2.client.SessionClient         : Response: org.h2.result.LocalResult@143ade9d columns: 1 rows: 1 pos: -1
]]></system-out>
  </testcase>
  <testcase name="updateUser_IntegrationTest" classname="com.interview.SpringReactiveDemoApplicationTests" time="0.008">
    <system-out><![CDATA[2025-07-23T21:04:55.580-05:00 DEBUG 95508 --- [spring-reactive-demo] [ctor-http-nio-4] io.r2dbc.h2.client.SessionClient         : Request:  SELECT CURRENT_TIMESTAMP
2025-07-23T21:04:55.580-05:00 DEBUG 95508 --- [spring-reactive-demo] [ctor-http-nio-4] io.r2dbc.h2.client.SessionClient         : Response: org.h2.result.LocalResult@1a9a1e53 columns: 1 rows: 1 pos: -1
2025-07-23T21:04:55.580-05:00 DEBUG 95508 --- [spring-reactive-demo] [ctor-http-nio-4] o.s.r2dbc.core.DefaultDatabaseClient     : Executing SQL statement [SELECT users.* FROM users WHERE users.ID = $1 LIMIT 2]
2025-07-23T21:04:55.580-05:00 DEBUG 95508 --- [spring-reactive-demo] [ctor-http-nio-4] io.r2dbc.h2.client.SessionClient         : Request:  SELECT users.* FROM users WHERE users.ID = $1 LIMIT 2 {1: CAST(1 AS BIGINT)}
2025-07-23T21:04:55.580-05:00 DEBUG 95508 --- [spring-reactive-demo] [ctor-http-nio-4] io.r2dbc.h2.client.SessionClient         : Response: org.h2.result.LocalResult@351b7c5 columns: 4 rows: 1 pos: -1
2025-07-23T21:04:55.581-05:00 DEBUG 95508 --- [spring-reactive-demo] [ctor-http-nio-4] io.r2dbc.h2.client.SessionClient         : Request:  SELECT CURRENT_TIMESTAMP
2025-07-23T21:04:55.581-05:00 DEBUG 95508 --- [spring-reactive-demo] [ctor-http-nio-4] io.r2dbc.h2.client.SessionClient         : Response: org.h2.result.LocalResult@6f7124cb columns: 1 rows: 1 pos: -1
2025-07-23T21:04:55.582-05:00 DEBUG 95508 --- [spring-reactive-demo] [ctor-http-nio-4] io.r2dbc.h2.client.SessionClient         : Request:  SELECT CURRENT_TIMESTAMP
2025-07-23T21:04:55.582-05:00 DEBUG 95508 --- [spring-reactive-demo] [ctor-http-nio-4] io.r2dbc.h2.client.SessionClient         : Response: org.h2.result.LocalResult@70437e55 columns: 1 rows: 1 pos: -1
2025-07-23T21:04:55.583-05:00 DEBUG 95508 --- [spring-reactive-demo] [ctor-http-nio-4] o.s.r2dbc.core.DefaultDatabaseClient     : Executing SQL statement [UPDATE users SET NAME = $1, EMAIL = $2, DEPARTMENT = $3 WHERE users.ID = $4]
2025-07-23T21:04:55.583-05:00 DEBUG 95508 --- [spring-reactive-demo] [ctor-http-nio-4] io.r2dbc.h2.client.SessionClient         : Request:  UPDATE users SET NAME = $1, EMAIL = $2, DEPARTMENT = $3 WHERE users.ID = $4 {1: 'John Updated', 2: 'john.updated@company.com', 3: 'Marketing', 4: CAST(1 AS BIGINT)}
2025-07-23T21:04:55.584-05:00 DEBUG 95508 --- [spring-reactive-demo] [ctor-http-nio-4] io.r2dbc.h2.client.SessionClient         : Request:  SELECT CURRENT_TIMESTAMP
2025-07-23T21:04:55.584-05:00 DEBUG 95508 --- [spring-reactive-demo] [ctor-http-nio-4] io.r2dbc.h2.client.SessionClient         : Response: org.h2.result.LocalResult@4f427c51 columns: 1 rows: 1 pos: -1
]]></system-out>
  </testcase>
  <testcase name="getUserEmails_IntegrationTest" classname="com.interview.SpringReactiveDemoApplicationTests" time="0.004">
    <system-out><![CDATA[2025-07-23T21:04:55.588-05:00 DEBUG 95508 --- [spring-reactive-demo] [ctor-http-nio-4] io.r2dbc.h2.client.SessionClient         : Request:  SELECT CURRENT_TIMESTAMP
2025-07-23T21:04:55.588-05:00 DEBUG 95508 --- [spring-reactive-demo] [ctor-http-nio-4] io.r2dbc.h2.client.SessionClient         : Response: org.h2.result.LocalResult@2eb9d67d columns: 1 rows: 1 pos: -1
2025-07-23T21:04:55.588-05:00 DEBUG 95508 --- [spring-reactive-demo] [ctor-http-nio-4] o.s.r2dbc.core.DefaultDatabaseClient     : Executing SQL statement [SELECT users.ID, users.NAME, users.EMAIL, users.DEPARTMENT FROM users WHERE users.DEPARTMENT = $1]
2025-07-23T21:04:55.588-05:00 DEBUG 95508 --- [spring-reactive-demo] [ctor-http-nio-4] io.r2dbc.h2.client.SessionClient         : Request:  SELECT users.ID, users.NAME, users.EMAIL, users.DEPARTMENT FROM users WHERE users.DEPARTMENT = $1 {1: 'Engineering'}
2025-07-23T21:04:55.588-05:00 DEBUG 95508 --- [spring-reactive-demo] [ctor-http-nio-4] io.r2dbc.h2.client.SessionClient         : Response: org.h2.result.LocalResult@79fcef4a columns: 4 rows: 1 pos: -1
2025-07-23T21:04:55.589-05:00 DEBUG 95508 --- [spring-reactive-demo] [ctor-http-nio-4] io.r2dbc.h2.client.SessionClient         : Request:  SELECT CURRENT_TIMESTAMP
2025-07-23T21:04:55.589-05:00 DEBUG 95508 --- [spring-reactive-demo] [ctor-http-nio-4] io.r2dbc.h2.client.SessionClient         : Response: org.h2.result.LocalResult@70bcc30a columns: 1 rows: 1 pos: -1
]]></system-out>
  </testcase>
  <testcase name="deleteUser_IntegrationTest" classname="com.interview.SpringReactiveDemoApplicationTests" time="0.01">
    <system-out><![CDATA[2025-07-23T21:04:55.593-05:00 DEBUG 95508 --- [spring-reactive-demo] [ctor-http-nio-4] io.r2dbc.h2.client.SessionClient         : Request:  SELECT CURRENT_TIMESTAMP
2025-07-23T21:04:55.593-05:00 DEBUG 95508 --- [spring-reactive-demo] [ctor-http-nio-4] io.r2dbc.h2.client.SessionClient         : Response: org.h2.result.LocalResult@725cb6e0 columns: 1 rows: 1 pos: -1
2025-07-23T21:04:55.593-05:00 DEBUG 95508 --- [spring-reactive-demo] [ctor-http-nio-4] o.s.r2dbc.core.DefaultDatabaseClient     : Executing SQL statement [INSERT INTO users (NAME, EMAIL, DEPARTMENT) VALUES ($1, $2, $3)]
2025-07-23T21:04:55.593-05:00 DEBUG 95508 --- [spring-reactive-demo] [ctor-http-nio-4] io.r2dbc.h2.client.SessionClient         : Request:  INSERT INTO users (NAME, EMAIL, DEPARTMENT) VALUES ($1, $2, $3) {1: 'Delete Me', 2: 'delete@example.com', 3: 'Temp'}
2025-07-23T21:04:55.594-05:00 DEBUG 95508 --- [spring-reactive-demo] [ctor-http-nio-4] io.r2dbc.h2.client.SessionClient         : Request:  SELECT CURRENT_TIMESTAMP
2025-07-23T21:04:55.594-05:00 DEBUG 95508 --- [spring-reactive-demo] [ctor-http-nio-4] io.r2dbc.h2.client.SessionClient         : Response: org.h2.result.LocalResult@9528b31 columns: 1 rows: 1 pos: -1
Sending welcome notification to: delete@example.com
2025-07-23T21:04:55.596-05:00 DEBUG 95508 --- [spring-reactive-demo] [ctor-http-nio-4] io.r2dbc.h2.client.SessionClient         : Request:  SELECT CURRENT_TIMESTAMP
2025-07-23T21:04:55.596-05:00 DEBUG 95508 --- [spring-reactive-demo] [ctor-http-nio-4] io.r2dbc.h2.client.SessionClient         : Response: org.h2.result.LocalResult@74b9aaa4 columns: 1 rows: 1 pos: -1
2025-07-23T21:04:55.597-05:00 DEBUG 95508 --- [spring-reactive-demo] [ctor-http-nio-4] o.s.r2dbc.core.DefaultDatabaseClient     : Executing SQL statement [DELETE FROM users WHERE users.ID = $1]
2025-07-23T21:04:55.597-05:00 DEBUG 95508 --- [spring-reactive-demo] [ctor-http-nio-4] io.r2dbc.h2.client.SessionClient         : Request:  DELETE FROM users WHERE users.ID = $1 {1: CAST(6 AS BIGINT)}
2025-07-23T21:04:55.597-05:00 DEBUG 95508 --- [spring-reactive-demo] [ctor-http-nio-4] io.r2dbc.h2.client.SessionClient         : Request:  SELECT CURRENT_TIMESTAMP
2025-07-23T21:04:55.597-05:00 DEBUG 95508 --- [spring-reactive-demo] [ctor-http-nio-4] io.r2dbc.h2.client.SessionClient         : Response: org.h2.result.LocalResult@3ef221a8 columns: 1 rows: 1 pos: -1
2025-07-23T21:04:55.598-05:00 DEBUG 95508 --- [spring-reactive-demo] [ctor-http-nio-4] io.r2dbc.h2.client.SessionClient         : Request:  SELECT CURRENT_TIMESTAMP
2025-07-23T21:04:55.599-05:00 DEBUG 95508 --- [spring-reactive-demo] [ctor-http-nio-4] io.r2dbc.h2.client.SessionClient         : Response: org.h2.result.LocalResult@2543701e columns: 1 rows: 1 pos: -1
2025-07-23T21:04:55.599-05:00 DEBUG 95508 --- [spring-reactive-demo] [ctor-http-nio-4] o.s.r2dbc.core.DefaultDatabaseClient     : Executing SQL statement [SELECT users.* FROM users WHERE users.ID = $1 LIMIT 2]
2025-07-23T21:04:55.599-05:00 DEBUG 95508 --- [spring-reactive-demo] [ctor-http-nio-4] io.r2dbc.h2.client.SessionClient         : Request:  SELECT users.* FROM users WHERE users.ID = $1 LIMIT 2 {1: CAST(6 AS BIGINT)}
2025-07-23T21:04:55.599-05:00 DEBUG 95508 --- [spring-reactive-demo] [ctor-http-nio-4] io.r2dbc.h2.client.SessionClient         : Response: org.h2.result.LocalResult@2cdad012 columns: 4 rows: 0 pos: -1
2025-07-23T21:04:55.599-05:00 DEBUG 95508 --- [spring-reactive-demo] [ctor-http-nio-4] io.r2dbc.h2.client.SessionClient         : Request:  SELECT CURRENT_TIMESTAMP
2025-07-23T21:04:55.599-05:00 DEBUG 95508 --- [spring-reactive-demo] [ctor-http-nio-4] io.r2dbc.h2.client.SessionClient         : Response: org.h2.result.LocalResult@22438017 columns: 1 rows: 1 pos: -1
]]></system-out>
  </testcase>
  <testcase name="functionalEndpoints_IntegrationTest" classname="com.interview.SpringReactiveDemoApplicationTests" time="0.539">
    <system-out><![CDATA[2025-07-23T21:04:55.602-05:00 DEBUG 95508 --- [spring-reactive-demo] [ctor-http-nio-4] io.r2dbc.h2.client.SessionClient         : Request:  SELECT CURRENT_TIMESTAMP
2025-07-23T21:04:55.602-05:00 DEBUG 95508 --- [spring-reactive-demo] [ctor-http-nio-4] io.r2dbc.h2.client.SessionClient         : Response: org.h2.result.LocalResult@65eaa230 columns: 1 rows: 1 pos: -1
2025-07-23T21:04:55.602-05:00 DEBUG 95508 --- [spring-reactive-demo] [ctor-http-nio-4] o.s.r2dbc.core.DefaultDatabaseClient     : Executing SQL statement [SELECT users.* FROM users]
2025-07-23T21:04:55.602-05:00 DEBUG 95508 --- [spring-reactive-demo] [ctor-http-nio-4] io.r2dbc.h2.client.SessionClient         : Request:  SELECT users.* FROM users
2025-07-23T21:04:55.602-05:00 DEBUG 95508 --- [spring-reactive-demo] [ctor-http-nio-4] io.r2dbc.h2.client.SessionClient         : Response: org.h2.result.LocalResult@3e14c178 columns: 4 rows: 5 pos: -1
2025-07-23T21:04:55.922-05:00 DEBUG 95508 --- [spring-reactive-demo] [     parallel-3] io.r2dbc.h2.client.SessionClient         : Request:  SELECT CURRENT_TIMESTAMP
2025-07-23T21:04:55.923-05:00 DEBUG 95508 --- [spring-reactive-demo] [     parallel-3] io.r2dbc.h2.client.SessionClient         : Response: org.h2.result.LocalResult@2ccb8493 columns: 1 rows: 1 pos: -1
Notification completed: Notification sent to delete@example.com
]]></system-out>
  </testcase>
  <testcase name="searchUsers_IntegrationTest" classname="com.interview.SpringReactiveDemoApplicationTests" time="0.012">
    <system-out><![CDATA[2025-07-23T21:04:56.148-05:00 DEBUG 95508 --- [spring-reactive-demo] [ctor-http-nio-4] io.r2dbc.h2.client.SessionClient         : Request:  SELECT CURRENT_TIMESTAMP
2025-07-23T21:04:56.148-05:00 DEBUG 95508 --- [spring-reactive-demo] [ctor-http-nio-4] io.r2dbc.h2.client.SessionClient         : Response: org.h2.result.LocalResult@729de73c columns: 1 rows: 1 pos: -1
2025-07-23T21:04:56.148-05:00 DEBUG 95508 --- [spring-reactive-demo] [ctor-http-nio-4] o.s.r2dbc.core.DefaultDatabaseClient     : Executing SQL statement [SELECT * FROM users WHERE name LIKE $1]
2025-07-23T21:04:56.148-05:00 DEBUG 95508 --- [spring-reactive-demo] [ctor-http-nio-4] io.r2dbc.h2.client.SessionClient         : Request:  SELECT * FROM users WHERE name LIKE $1 {1: '%John%'}
2025-07-23T21:04:56.149-05:00 DEBUG 95508 --- [spring-reactive-demo] [ctor-http-nio-4] io.r2dbc.h2.client.SessionClient         : Response: org.h2.result.LocalResult@6a9af716 columns: 4 rows: 2 pos: -1
2025-07-23T21:04:56.150-05:00 DEBUG 95508 --- [spring-reactive-demo] [ctor-http-nio-4] io.r2dbc.h2.client.SessionClient         : Request:  SELECT CURRENT_TIMESTAMP
2025-07-23T21:04:56.150-05:00 DEBUG 95508 --- [spring-reactive-demo] [ctor-http-nio-4] io.r2dbc.h2.client.SessionClient         : Response: org.h2.result.LocalResult@60d80d13 columns: 1 rows: 1 pos: -1
]]></system-out>
  </testcase>
  <testcase name="getUserCount_IntegrationTest" classname="com.interview.SpringReactiveDemoApplicationTests" time="0.005">
    <system-out><![CDATA[2025-07-23T21:04:56.156-05:00 DEBUG 95508 --- [spring-reactive-demo] [ctor-http-nio-4] io.r2dbc.h2.client.SessionClient         : Request:  SELECT CURRENT_TIMESTAMP
2025-07-23T21:04:56.156-05:00 DEBUG 95508 --- [spring-reactive-demo] [ctor-http-nio-4] io.r2dbc.h2.client.SessionClient         : Response: org.h2.result.LocalResult@407ed8de columns: 1 rows: 1 pos: -1
2025-07-23T21:04:56.156-05:00 DEBUG 95508 --- [spring-reactive-demo] [ctor-http-nio-4] o.s.r2dbc.core.DefaultDatabaseClient     : Executing SQL statement [SELECT COUNT(*) FROM users WHERE department = $1]
2025-07-23T21:04:56.156-05:00 DEBUG 95508 --- [spring-reactive-demo] [ctor-http-nio-4] io.r2dbc.h2.client.SessionClient         : Request:  SELECT COUNT(*) FROM users WHERE department = $1 {1: 'Engineering'}
2025-07-23T21:04:56.156-05:00 DEBUG 95508 --- [spring-reactive-demo] [ctor-http-nio-4] io.r2dbc.h2.client.SessionClient         : Response: org.h2.result.LocalResult@74a4a978 columns: 1 rows: 1 pos: -1
2025-07-23T21:04:56.156-05:00 DEBUG 95508 --- [spring-reactive-demo] [ctor-http-nio-4] io.r2dbc.h2.client.SessionClient         : Request:  SELECT CURRENT_TIMESTAMP
2025-07-23T21:04:56.156-05:00 DEBUG 95508 --- [spring-reactive-demo] [ctor-http-nio-4] io.r2dbc.h2.client.SessionClient         : Response: org.h2.result.LocalResult@408be6d0 columns: 1 rows: 1 pos: -1
]]></system-out>
  </testcase>
  <testcase name="contextLoads" classname="com.interview.SpringReactiveDemoApplicationTests" time="0.001"/>
  <testcase name="createAndRetrieveUser_IntegrationTest" classname="com.interview.SpringReactiveDemoApplicationTests" time="0.005">
    <system-out><![CDATA[2025-07-23T21:04:56.162-05:00 DEBUG 95508 --- [spring-reactive-demo] [ctor-http-nio-4] io.r2dbc.h2.client.SessionClient         : Request:  SELECT CURRENT_TIMESTAMP
2025-07-23T21:04:56.162-05:00 DEBUG 95508 --- [spring-reactive-demo] [ctor-http-nio-4] io.r2dbc.h2.client.SessionClient         : Response: org.h2.result.LocalResult@4515a97f columns: 1 rows: 1 pos: -1
2025-07-23T21:04:56.163-05:00 DEBUG 95508 --- [spring-reactive-demo] [ctor-http-nio-4] o.s.r2dbc.core.DefaultDatabaseClient     : Executing SQL statement [INSERT INTO users (NAME, EMAIL, DEPARTMENT) VALUES ($1, $2, $3)]
2025-07-23T21:04:56.163-05:00 DEBUG 95508 --- [spring-reactive-demo] [ctor-http-nio-4] io.r2dbc.h2.client.SessionClient         : Request:  INSERT INTO users (NAME, EMAIL, DEPARTMENT) VALUES ($1, $2, $3) {1: 'Integration Test User', 2: 'integration@test.com', 3: 'QA'}
2025-07-23T21:04:56.163-05:00 DEBUG 95508 --- [spring-reactive-demo] [ctor-http-nio-4] io.r2dbc.h2.client.SessionClient         : Request:  SELECT CURRENT_TIMESTAMP
2025-07-23T21:04:56.163-05:00 DEBUG 95508 --- [spring-reactive-demo] [ctor-http-nio-4] io.r2dbc.h2.client.SessionClient         : Response: org.h2.result.LocalResult@59959d3e columns: 1 rows: 1 pos: -1
Sending welcome notification to: integration@test.com
]]></system-out>
  </testcase>
</testsuite>