<?xml version="1.0" encoding="UTF-8"?>
<testsuite xmlns:xsi="http://www.w3.org/2001/XMLSchema-instance" xsi:noNamespaceSchemaLocation="https://maven.apache.org/surefire/maven-surefire-plugin/xsd/surefire-test-report-3.0.xsd" version="3.0" name="com.interview.repository.UserRepositoryTest" time="0.591" tests="8" errors="0" skipped="0" failures="0">
  <properties>
[...]
</properties>
  <testcase name="findAll_ShouldReturnAllUsers" classname="com.interview.repository.UserRepositoryTest" time="0.028">
    <system-out><![CDATA[21:04:53.839 [main] INFO org.springframework.test.context.support.AnnotationConfigContextLoaderUtils -- Could not detect default configuration classes for test class [com.interview.repository.UserRepositoryTest]: UserRepositoryTest does not declare any static, non-private, non-final, nested classes annotated with @Configuration.
21:04:53.873 [main] INFO org.springframework.boot.test.context.SpringBootTestContextBootstrapper -- Found @SpringBootConfiguration com.interview.SpringReactiveDemoApplication for test class com.interview.repository.UserRepositoryTest

  .   ____          _            __ _ _
 /\\ / ___'_ __ _ _(_)_ __  __ _ \ \ \ \
( ( )\___ | '_ | '_| | '_ \/ _` | \ \ \ \
 \\/  ___)| |_)| | | | | || (_| |  ) ) ) )
  '  |____| .__|_| |_|_| |_\__, | / / / /
 =========|_|==============|___/=/_/_/_/
 :: Spring Boot ::                (v3.2.0)

2025-07-23T21:04:53.999-05:00  INFO 95508 --- [spring-reactive-demo] [           main] c.i.repository.UserRepositoryTest        : Starting UserRepositoryTest using Java 21.0.6 with PID 95508 (started by javierjaramillo in /Users/javierjaramillo/Desktop/vibe_coding/spring)
2025-07-23T21:04:53.999-05:00 DEBUG 95508 --- [spring-reactive-demo] [           main] c.i.repository.UserRepositoryTest        : Running with Spring Boot v3.2.0, Spring v6.1.1
2025-07-23T21:04:53.999-05:00  INFO 95508 --- [spring-reactive-demo] [           main] c.i.repository.UserRepositoryTest        : No active profile set, falling back to 1 default profile: "default"
2025-07-23T21:04:54.071-05:00  INFO 95508 --- [spring-reactive-demo] [           main] .s.d.r.c.RepositoryConfigurationDelegate : Bootstrapping Spring Data R2DBC repositories in DEFAULT mode.
2025-07-23T21:04:54.085-05:00  INFO 95508 --- [spring-reactive-demo] [           main] .s.d.r.c.RepositoryConfigurationDelegate : Finished Spring Data repository scanning in 12 ms. Found 1 R2DBC repository interface.
2025-07-23T21:04:54.303-05:00 DEBUG 95508 --- [spring-reactive-demo] [       single-1] io.r2dbc.h2.client.SessionClient         : Request:  CALL H2VERSION()
2025-07-23T21:04:54.304-05:00 DEBUG 95508 --- [spring-reactive-demo] [       single-1] io.r2dbc.h2.client.SessionClient         : Response: org.h2.result.LocalResult@609596a5 columns: 1 rows: 1 pos: -1
2025-07-23T21:04:54.307-05:00 DEBUG 95508 --- [spring-reactive-demo] [       single-1] io.r2dbc.h2.client.SessionClient         : Request:  SELECT CURRENT_TIMESTAMP
2025-07-23T21:04:54.308-05:00 DEBUG 95508 --- [spring-reactive-demo] [       single-1] io.r2dbc.h2.client.SessionClient         : Response: org.h2.result.LocalResult@2391481e columns: 1 rows: 1 pos: -1
2025-07-23T21:04:54.309-05:00 DEBUG 95508 --- [spring-reactive-demo] [       single-1] o.s.r2dbc.connection.init.ScriptUtils    : Executing SQL script from class path resource [schema.sql]
2025-07-23T21:04:54.317-05:00 DEBUG 95508 --- [spring-reactive-demo] [       single-1] io.r2dbc.h2.client.SessionClient         : Request:  CALL H2VERSION()
2025-07-23T21:04:54.317-05:00 DEBUG 95508 --- [spring-reactive-demo] [       single-1] io.r2dbc.h2.client.SessionClient         : Response: org.h2.result.LocalResult@4d931aa1 columns: 1 rows: 1 pos: -1
2025-07-23T21:04:54.317-05:00 DEBUG 95508 --- [spring-reactive-demo] [       single-1] io.r2dbc.h2.client.SessionClient         : Request:  CALL H2VERSION()
2025-07-23T21:04:54.317-05:00 DEBUG 95508 --- [spring-reactive-demo] [       single-1] io.r2dbc.h2.client.SessionClient         : Response: org.h2.result.LocalResult@54d5aba2 columns: 1 rows: 1 pos: -1
2025-07-23T21:04:54.317-05:00 DEBUG 95508 --- [spring-reactive-demo] [       single-1] io.r2dbc.h2.client.SessionClient         : Request:  CALL H2VERSION()
2025-07-23T21:04:54.317-05:00 DEBUG 95508 --- [spring-reactive-demo] [       single-1] io.r2dbc.h2.client.SessionClient         : Response: org.h2.result.LocalResult@2bf5adec columns: 1 rows: 1 pos: -1
2025-07-23T21:04:54.317-05:00 DEBUG 95508 --- [spring-reactive-demo] [       single-1] io.r2dbc.h2.client.SessionClient         : Request:  CALL H2VERSION()
2025-07-23T21:04:54.318-05:00 DEBUG 95508 --- [spring-reactive-demo] [       single-1] io.r2dbc.h2.client.SessionClient         : Response: org.h2.result.LocalResult@62e27cf3 columns: 1 rows: 1 pos: -1
2025-07-23T21:04:54.318-05:00 DEBUG 95508 --- [spring-reactive-demo] [       single-1] io.r2dbc.h2.client.SessionClient         : Request:  CALL H2VERSION()
2025-07-23T21:04:54.318-05:00 DEBUG 95508 --- [spring-reactive-demo] [       single-1] io.r2dbc.h2.client.SessionClient         : Response: org.h2.result.LocalResult@3771341c columns: 1 rows: 1 pos: -1
2025-07-23T21:04:54.318-05:00 DEBUG 95508 --- [spring-reactive-demo] [       single-1] io.r2dbc.h2.client.SessionClient         : Request:  CALL H2VERSION()
2025-07-23T21:04:54.318-05:00 DEBUG 95508 --- [spring-reactive-demo] [       single-1] io.r2dbc.h2.client.SessionClient         : Response: org.h2.result.LocalResult@4e8001eb columns: 1 rows: 1 pos: -1
2025-07-23T21:04:54.318-05:00 DEBUG 95508 --- [spring-reactive-demo] [       single-1] io.r2dbc.h2.client.SessionClient         : Request:  CALL H2VERSION()
2025-07-23T21:04:54.318-05:00 DEBUG 95508 --- [spring-reactive-demo] [       single-1] io.r2dbc.h2.client.SessionClient         : Response: org.h2.result.LocalResult@489c5f1a columns: 1 rows: 1 pos: -1
2025-07-23T21:04:54.318-05:00 DEBUG 95508 --- [spring-reactive-demo] [       single-1] io.r2dbc.h2.client.SessionClient         : Request:  CALL H2VERSION()
2025-07-23T21:04:54.318-05:00 DEBUG 95508 --- [spring-reactive-demo] [       single-1] io.r2dbc.h2.client.SessionClient         : Response: org.h2.result.LocalResult@3968a71e columns: 1 rows: 1 pos: -1
2025-07-23T21:04:54.319-05:00 DEBUG 95508 --- [spring-reactive-demo] [       single-1] io.r2dbc.h2.client.SessionClient         : Request:  CALL H2VERSION()
2025-07-23T21:04:54.319-05:00 DEBUG 95508 --- [spring-reactive-demo] [       single-1] io.r2dbc.h2.client.SessionClient         : Response: org.h2.result.LocalResult@707a5fb columns: 1 rows: 1 pos: -1
2025-07-23T21:04:54.319-05:00 DEBUG 95508 --- [spring-reactive-demo] [       Thread-3] io.r2dbc.h2.client.SessionClient         : Request:  DROP TABLE IF EXISTS users
2025-07-23T21:04:54.320-05:00 DEBUG 95508 --- [spring-reactive-demo] [       Thread-3] o.s.r2dbc.connection.init.ScriptUtils    : 0 returned as update count for SQL: DROP TABLE IF EXISTS users
2025-07-23T21:04:54.321-05:00 DEBUG 95508 --- [spring-reactive-demo] [       Thread-3] io.r2dbc.h2.client.SessionClient         : Request:  CREATE TABLE users ( id BIGINT AUTO_INCREMENT PRIMARY KEY, name VARCHAR(50) NOT NULL, email VARCHAR(100) NOT NULL UNIQUE, department VARCHAR(50) )
2025-07-23T21:04:54.323-05:00 DEBUG 95508 --- [spring-reactive-demo] [       Thread-3] o.s.r2dbc.connection.init.ScriptUtils    : 0 returned as update count for SQL: CREATE TABLE users ( id BIGINT AUTO_INCREMENT PRIMARY KEY, name VARCHAR(50) NOT NULL, email VARCHAR(100) NOT NULL UNIQUE, department VARCHAR(50) )
2025-07-23T21:04:54.323-05:00 DEBUG 95508 --- [spring-reactive-demo] [       Thread-3] o.s.r2dbc.connection.init.ScriptUtils    : Executed SQL script from class path resource [schema.sql] in 14 ms.
2025-07-23T21:04:54.324-05:00 DEBUG 95508 --- [spring-reactive-demo] [       Thread-3] io.r2dbc.h2.client.SessionClient         : Request:  SELECT CURRENT_TIMESTAMP
2025-07-23T21:04:54.324-05:00 DEBUG 95508 --- [spring-reactive-demo] [       Thread-3] io.r2dbc.h2.client.SessionClient         : Response: org.h2.result.LocalResult@728e6f48 columns: 1 rows: 1 pos: -1
2025-07-23T21:04:54.325-05:00 DEBUG 95508 --- [spring-reactive-demo] [           main] io.r2dbc.h2.client.SessionClient         : Request:  SELECT CURRENT_TIMESTAMP
2025-07-23T21:04:54.325-05:00 DEBUG 95508 --- [spring-reactive-demo] [           main] io.r2dbc.h2.client.SessionClient         : Response: org.h2.result.LocalResult@7976e536 columns: 1 rows: 1 pos: -1
2025-07-23T21:04:54.325-05:00 DEBUG 95508 --- [spring-reactive-demo] [           main] o.s.r2dbc.connection.init.ScriptUtils    : Executing SQL script from class path resource [data.sql]
2025-07-23T21:04:54.326-05:00 DEBUG 95508 --- [spring-reactive-demo] [       Thread-2] io.r2dbc.h2.client.SessionClient         : Request:  INSERT INTO users (name, email, department) VALUES ('John Doe', 'john.doe@company.com', 'Engineering'), ('Jane Smith', 'jane.smith@company.com', 'Marketing'), ('Bob Johnson', 'bob.johnson@company.com', 'Engineering'), ('Alice Brown', 'alice.brown@company.com', 'HR'), ('Charlie Wilson', 'charlie.wilson@company.com', 'Sales')
2025-07-23T21:04:54.327-05:00 DEBUG 95508 --- [spring-reactive-demo] [       Thread-2] o.s.r2dbc.connection.init.ScriptUtils    : 5 returned as update count for SQL: INSERT INTO users (name, email, department) VALUES ('John Doe', 'john.doe@company.com', 'Engineering'), ('Jane Smith', 'jane.smith@company.com', 'Marketing'), ('Bob Johnson', 'bob.johnson@company.com', 'Engineering'), ('Alice Brown', 'alice.brown@company.com', 'HR'), ('Charlie Wilson', 'charlie.wilson@company.com', 'Sales')
2025-07-23T21:04:54.327-05:00 DEBUG 95508 --- [spring-reactive-demo] [       Thread-2] o.s.r2dbc.connection.init.ScriptUtils    : Executed SQL script from class path resource [data.sql] in 2 ms.
2025-07-23T21:04:54.327-05:00 DEBUG 95508 --- [spring-reactive-demo] [       Thread-2] io.r2dbc.h2.client.SessionClient         : Request:  SELECT CURRENT_TIMESTAMP
2025-07-23T21:04:54.327-05:00 DEBUG 95508 --- [spring-reactive-demo] [       Thread-2] io.r2dbc.h2.client.SessionClient         : Response: org.h2.result.LocalResult@523d785d columns: 1 rows: 1 pos: -1
2025-07-23T21:04:54.332-05:00  INFO 95508 --- [spring-reactive-demo] [           main] c.i.repository.UserRepositoryTest        : Started UserRepositoryTest in 0.438 seconds (process running for 1.344)
2025-07-23T21:04:54.348-05:00 DEBUG 95508 --- [spring-reactive-demo] [           main] io.r2dbc.h2.client.SessionClient         : Request:  SELECT CURRENT_TIMESTAMP
2025-07-23T21:04:54.349-05:00 DEBUG 95508 --- [spring-reactive-demo] [           main] io.r2dbc.h2.client.SessionClient         : Response: org.h2.result.LocalResult@41bdaa81 columns: 1 rows: 1 pos: -1
2025-07-23T21:04:54.351-05:00 DEBUG 95508 --- [spring-reactive-demo] [           main] o.s.r2dbc.core.DefaultDatabaseClient     : Executing SQL statement [INSERT INTO users (NAME, EMAIL, DEPARTMENT) VALUES ($1, $2, $3)]
2025-07-23T21:04:54.352-05:00 DEBUG 95508 --- [spring-reactive-demo] [           main] io.r2dbc.h2.client.SessionClient         : Request:  INSERT INTO users (NAME, EMAIL, DEPARTMENT) VALUES ($1, $2, $3) {1: 'Test User', 2: 'test1fdcf605@example.com', 3: 'Testing'}
2025-07-23T21:04:54.355-05:00 DEBUG 95508 --- [spring-reactive-demo] [           main] io.r2dbc.h2.client.SessionClient         : Request:  SELECT CURRENT_TIMESTAMP
2025-07-23T21:04:54.355-05:00 DEBUG 95508 --- [spring-reactive-demo] [           main] io.r2dbc.h2.client.SessionClient         : Response: org.h2.result.LocalResult@527d5e48 columns: 1 rows: 1 pos: -1
2025-07-23T21:04:54.356-05:00 DEBUG 95508 --- [spring-reactive-demo] [           main] io.r2dbc.h2.client.SessionClient         : Request:  SELECT CURRENT_TIMESTAMP
2025-07-23T21:04:54.356-05:00 DEBUG 95508 --- [spring-reactive-demo] [           main] io.r2dbc.h2.client.SessionClient         : Response: org.h2.result.LocalResult@40a7974 columns: 1 rows: 1 pos: -1
2025-07-23T21:04:54.357-05:00 DEBUG 95508 --- [spring-reactive-demo] [           main] o.s.r2dbc.core.DefaultDatabaseClient     : Executing SQL statement [SELECT users.* FROM users]
2025-07-23T21:04:54.357-05:00 DEBUG 95508 --- [spring-reactive-demo] [           main] io.r2dbc.h2.client.SessionClient         : Request:  SELECT users.* FROM users
2025-07-23T21:04:54.357-05:00 DEBUG 95508 --- [spring-reactive-demo] [           main] io.r2dbc.h2.client.SessionClient         : Response: org.h2.result.LocalResult@42066f0d columns: 4 rows: 6 pos: -1
2025-07-23T21:04:54.361-05:00 DEBUG 95508 --- [spring-reactive-demo] [           main] io.r2dbc.h2.client.SessionClient         : Request:  SELECT CURRENT_TIMESTAMP
2025-07-23T21:04:54.361-05:00 DEBUG 95508 --- [spring-reactive-demo] [           main] io.r2dbc.h2.client.SessionClient         : Response: org.h2.result.LocalResult@56ba8e8c columns: 1 rows: 1 pos: -1
]]></system-out>
  </testcase>
  <testcase name="countByDepartment_ShouldReturnCorrectCount" classname="com.interview.repository.UserRepositoryTest" time="0.009">
    <system-out><![CDATA[2025-07-23T21:04:54.369-05:00 DEBUG 95508 --- [spring-reactive-demo] [           main] io.r2dbc.h2.client.SessionClient         : Request:  SELECT CURRENT_TIMESTAMP
2025-07-23T21:04:54.369-05:00 DEBUG 95508 --- [spring-reactive-demo] [           main] io.r2dbc.h2.client.SessionClient         : Response: org.h2.result.LocalResult@2792c28 columns: 1 rows: 1 pos: -1
2025-07-23T21:04:54.369-05:00 DEBUG 95508 --- [spring-reactive-demo] [           main] o.s.r2dbc.core.DefaultDatabaseClient     : Executing SQL statement [SELECT COUNT(*) FROM users WHERE department = $1]
2025-07-23T21:04:54.370-05:00 DEBUG 95508 --- [spring-reactive-demo] [           main] io.r2dbc.h2.client.SessionClient         : Request:  SELECT COUNT(*) FROM users WHERE department = $1 {1: 'Engineering'}
2025-07-23T21:04:54.371-05:00 DEBUG 95508 --- [spring-reactive-demo] [           main] io.r2dbc.h2.client.SessionClient         : Response: org.h2.result.LocalResult@2133b712 columns: 1 rows: 1 pos: -1
2025-07-23T21:04:54.371-05:00 DEBUG 95508 --- [spring-reactive-demo] [           main] io.r2dbc.h2.client.SessionClient         : Request:  SELECT CURRENT_TIMESTAMP
2025-07-23T21:04:54.371-05:00 DEBUG 95508 --- [spring-reactive-demo] [           main] io.r2dbc.h2.client.SessionClient         : Response: org.h2.result.LocalResult@5ca4c88a columns: 1 rows: 1 pos: -1
]]></system-out>
  </testcase>
  <testcase name="save_ShouldPersistUser" classname="com.interview.repository.UserRepositoryTest" time="0.002">
    <system-out><![CDATA[2025-07-23T21:04:54.374-05:00 DEBUG 95508 --- [spring-reactive-demo] [           main] io.r2dbc.h2.client.SessionClient         : Request:  SELECT CURRENT_TIMESTAMP
2025-07-23T21:04:54.374-05:00 DEBUG 95508 --- [spring-reactive-demo] [           main] io.r2dbc.h2.client.SessionClient         : Response: org.h2.result.LocalResult@6de5ad56 columns: 1 rows: 1 pos: -1
2025-07-23T21:04:54.374-05:00 DEBUG 95508 --- [spring-reactive-demo] [           main] o.s.r2dbc.core.DefaultDatabaseClient     : Executing SQL statement [INSERT INTO users (NAME, EMAIL, DEPARTMENT) VALUES ($1, $2, $3)]
2025-07-23T21:04:54.374-05:00 DEBUG 95508 --- [spring-reactive-demo] [           main] io.r2dbc.h2.client.SessionClient         : Request:  INSERT INTO users (NAME, EMAIL, DEPARTMENT) VALUES ($1, $2, $3) {1: 'Test User', 2: 'test1d4e8efa@example.com', 3: 'Testing'}
2025-07-23T21:04:54.374-05:00 DEBUG 95508 --- [spring-reactive-demo] [           main] io.r2dbc.h2.client.SessionClient         : Request:  SELECT CURRENT_TIMESTAMP
2025-07-23T21:04:54.374-05:00 DEBUG 95508 --- [spring-reactive-demo] [           main] io.r2dbc.h2.client.SessionClient         : Response: org.h2.result.LocalResult@cfb94fd columns: 1 rows: 1 pos: -1
]]></system-out>
  </testcase>
  <testcase name="deleteById_ShouldRemoveUser" classname="com.interview.repository.UserRepositoryTest" time="0.014">
    <system-out><![CDATA[2025-07-23T21:04:54.376-05:00 DEBUG 95508 --- [spring-reactive-demo] [           main] io.r2dbc.h2.client.SessionClient         : Request:  SELECT CURRENT_TIMESTAMP
2025-07-23T21:04:54.376-05:00 DEBUG 95508 --- [spring-reactive-demo] [           main] io.r2dbc.h2.client.SessionClient         : Response: org.h2.result.LocalResult@360a3106 columns: 1 rows: 1 pos: -1
2025-07-23T21:04:54.376-05:00 DEBUG 95508 --- [spring-reactive-demo] [           main] o.s.r2dbc.core.DefaultDatabaseClient     : Executing SQL statement [INSERT INTO users (NAME, EMAIL, DEPARTMENT) VALUES ($1, $2, $3)]
2025-07-23T21:04:54.376-05:00 DEBUG 95508 --- [spring-reactive-demo] [           main] io.r2dbc.h2.client.SessionClient         : Request:  INSERT INTO users (NAME, EMAIL, DEPARTMENT) VALUES ($1, $2, $3) {1: 'Test User', 2: 'test5ab439bc@example.com', 3: 'Testing'}
2025-07-23T21:04:54.376-05:00 DEBUG 95508 --- [spring-reactive-demo] [           main] io.r2dbc.h2.client.SessionClient         : Request:  SELECT CURRENT_TIMESTAMP
2025-07-23T21:04:54.377-05:00 DEBUG 95508 --- [spring-reactive-demo] [           main] io.r2dbc.h2.client.SessionClient         : Response: org.h2.result.LocalResult@7e9a836 columns: 1 rows: 1 pos: -1
2025-07-23T21:04:54.384-05:00 DEBUG 95508 --- [spring-reactive-demo] [           main] io.r2dbc.h2.client.SessionClient         : Request:  SELECT CURRENT_TIMESTAMP
2025-07-23T21:04:54.384-05:00 DEBUG 95508 --- [spring-reactive-demo] [           main] io.r2dbc.h2.client.SessionClient         : Response: org.h2.result.LocalResult@50e8ed74 columns: 1 rows: 1 pos: -1
2025-07-23T21:04:54.386-05:00 DEBUG 95508 --- [spring-reactive-demo] [           main] o.s.r2dbc.core.DefaultDatabaseClient     : Executing SQL statement [DELETE FROM users WHERE users.ID = $1]
2025-07-23T21:04:54.387-05:00 DEBUG 95508 --- [spring-reactive-demo] [           main] io.r2dbc.h2.client.SessionClient         : Request:  DELETE FROM users WHERE users.ID = $1 {1: CAST(8 AS BIGINT)}
2025-07-23T21:04:54.387-05:00 DEBUG 95508 --- [spring-reactive-demo] [           main] io.r2dbc.h2.client.SessionClient         : Request:  SELECT CURRENT_TIMESTAMP
2025-07-23T21:04:54.387-05:00 DEBUG 95508 --- [spring-reactive-demo] [           main] io.r2dbc.h2.client.SessionClient         : Response: org.h2.result.LocalResult@73aae7a columns: 1 rows: 1 pos: -1
2025-07-23T21:04:54.387-05:00 DEBUG 95508 --- [spring-reactive-demo] [           main] io.r2dbc.h2.client.SessionClient         : Request:  SELECT CURRENT_TIMESTAMP
2025-07-23T21:04:54.387-05:00 DEBUG 95508 --- [spring-reactive-demo] [           main] io.r2dbc.h2.client.SessionClient         : Response: org.h2.result.LocalResult@2125535d columns: 1 rows: 1 pos: -1
2025-07-23T21:04:54.388-05:00 DEBUG 95508 --- [spring-reactive-demo] [           main] o.s.r2dbc.core.DefaultDatabaseClient     : Executing SQL statement [SELECT users.* FROM users WHERE users.ID = $1 LIMIT 2]
2025-07-23T21:04:54.388-05:00 DEBUG 95508 --- [spring-reactive-demo] [           main] io.r2dbc.h2.client.SessionClient         : Request:  SELECT users.* FROM users WHERE users.ID = $1 LIMIT 2 {1: CAST(8 AS BIGINT)}
2025-07-23T21:04:54.388-05:00 DEBUG 95508 --- [spring-reactive-demo] [           main] io.r2dbc.h2.client.SessionClient         : Response: org.h2.result.LocalResult@514dc5f4 columns: 4 rows: 0 pos: -1
2025-07-23T21:04:54.388-05:00 DEBUG 95508 --- [spring-reactive-demo] [           main] io.r2dbc.h2.client.SessionClient         : Request:  SELECT CURRENT_TIMESTAMP
2025-07-23T21:04:54.388-05:00 DEBUG 95508 --- [spring-reactive-demo] [           main] io.r2dbc.h2.client.SessionClient         : Response: org.h2.result.LocalResult@7a247711 columns: 1 rows: 1 pos: -1
]]></system-out>
  </testcase>
  <testcase name="findByNamePattern_ShouldReturnMatchingUsers" classname="com.interview.repository.UserRepositoryTest" time="0.003">
    <system-out><![CDATA[2025-07-23T21:04:54.391-05:00 DEBUG 95508 --- [spring-reactive-demo] [           main] io.r2dbc.h2.client.SessionClient         : Request:  SELECT CURRENT_TIMESTAMP
2025-07-23T21:04:54.391-05:00 DEBUG 95508 --- [spring-reactive-demo] [           main] io.r2dbc.h2.client.SessionClient         : Response: org.h2.result.LocalResult@4a5fab78 columns: 1 rows: 1 pos: -1
2025-07-23T21:04:54.391-05:00 DEBUG 95508 --- [spring-reactive-demo] [           main] o.s.r2dbc.core.DefaultDatabaseClient     : Executing SQL statement [SELECT * FROM users WHERE name LIKE $1]
2025-07-23T21:04:54.391-05:00 DEBUG 95508 --- [spring-reactive-demo] [           main] io.r2dbc.h2.client.SessionClient         : Request:  SELECT * FROM users WHERE name LIKE $1 {1: '%John%'}
2025-07-23T21:04:54.391-05:00 DEBUG 95508 --- [spring-reactive-demo] [           main] io.r2dbc.h2.client.SessionClient         : Response: org.h2.result.LocalResult@36a1fd20 columns: 4 rows: 2 pos: -1
2025-07-23T21:04:54.392-05:00 DEBUG 95508 --- [spring-reactive-demo] [           main] io.r2dbc.h2.client.SessionClient         : Request:  SELECT CURRENT_TIMESTAMP
2025-07-23T21:04:54.392-05:00 DEBUG 95508 --- [spring-reactive-demo] [           main] io.r2dbc.h2.client.SessionClient         : Response: org.h2.result.LocalResult@57afe44b columns: 1 rows: 1 pos: -1
]]></system-out>
  </testcase>
  <testcase name="findByEmail_ShouldReturnUser" classname="com.interview.repository.UserRepositoryTest" time="0.005">
    <system-out><![CDATA[2025-07-23T21:04:54.396-05:00 DEBUG 95508 --- [spring-reactive-demo] [           main] io.r2dbc.h2.client.SessionClient         : Request:  SELECT CURRENT_TIMESTAMP
2025-07-23T21:04:54.396-05:00 DEBUG 95508 --- [spring-reactive-demo] [           main] io.r2dbc.h2.client.SessionClient         : Response: org.h2.result.LocalResult@69d021c1 columns: 1 rows: 1 pos: -1
2025-07-23T21:04:54.396-05:00 DEBUG 95508 --- [spring-reactive-demo] [           main] o.s.r2dbc.core.DefaultDatabaseClient     : Executing SQL statement [SELECT users.ID, users.NAME, users.EMAIL, users.DEPARTMENT FROM users WHERE users.EMAIL = $1]
2025-07-23T21:04:54.396-05:00 DEBUG 95508 --- [spring-reactive-demo] [           main] io.r2dbc.h2.client.SessionClient         : Request:  SELECT users.ID, users.NAME, users.EMAIL, users.DEPARTMENT FROM users WHERE users.EMAIL = $1 {1: 'john.doe@company.com'}
2025-07-23T21:04:54.397-05:00 DEBUG 95508 --- [spring-reactive-demo] [           main] io.r2dbc.h2.client.SessionClient         : Response: org.h2.result.LocalResult@785ef70f columns: 4 rows: 1 pos: -1
2025-07-23T21:04:54.397-05:00 DEBUG 95508 --- [spring-reactive-demo] [           main] io.r2dbc.h2.client.SessionClient         : Request:  SELECT CURRENT_TIMESTAMP
2025-07-23T21:04:54.397-05:00 DEBUG 95508 --- [spring-reactive-demo] [           main] io.r2dbc.h2.client.SessionClient         : Response: org.h2.result.LocalResult@731ab49b columns: 1 rows: 1 pos: -1
]]></system-out>
  </testcase>
  <testcase name="findById_ShouldReturnUser" classname="com.interview.repository.UserRepositoryTest" time="0.004">
    <system-out><![CDATA[2025-07-23T21:04:54.399-05:00 DEBUG 95508 --- [spring-reactive-demo] [           main] io.r2dbc.h2.client.SessionClient         : Request:  SELECT CURRENT_TIMESTAMP
2025-07-23T21:04:54.400-05:00 DEBUG 95508 --- [spring-reactive-demo] [           main] io.r2dbc.h2.client.SessionClient         : Response: org.h2.result.LocalResult@611587f7 columns: 1 rows: 1 pos: -1
2025-07-23T21:04:54.400-05:00 DEBUG 95508 --- [spring-reactive-demo] [           main] o.s.r2dbc.core.DefaultDatabaseClient     : Executing SQL statement [INSERT INTO users (NAME, EMAIL, DEPARTMENT) VALUES ($1, $2, $3)]
2025-07-23T21:04:54.400-05:00 DEBUG 95508 --- [spring-reactive-demo] [           main] io.r2dbc.h2.client.SessionClient         : Request:  INSERT INTO users (NAME, EMAIL, DEPARTMENT) VALUES ($1, $2, $3) {1: 'Test User', 2: 'test51852f3f@example.com', 3: 'Testing'}
2025-07-23T21:04:54.400-05:00 DEBUG 95508 --- [spring-reactive-demo] [           main] io.r2dbc.h2.client.SessionClient         : Request:  SELECT CURRENT_TIMESTAMP
2025-07-23T21:04:54.400-05:00 DEBUG 95508 --- [spring-reactive-demo] [           main] io.r2dbc.h2.client.SessionClient         : Response: org.h2.result.LocalResult@6ab1f85b columns: 1 rows: 1 pos: -1
2025-07-23T21:04:54.401-05:00 DEBUG 95508 --- [spring-reactive-demo] [           main] io.r2dbc.h2.client.SessionClient         : Request:  SELECT CURRENT_TIMESTAMP
2025-07-23T21:04:54.401-05:00 DEBUG 95508 --- [spring-reactive-demo] [           main] io.r2dbc.h2.client.SessionClient         : Response: org.h2.result.LocalResult@2052f095 columns: 1 rows: 1 pos: -1
2025-07-23T21:04:54.401-05:00 DEBUG 95508 --- [spring-reactive-demo] [           main] o.s.r2dbc.core.DefaultDatabaseClient     : Executing SQL statement [SELECT users.* FROM users WHERE users.ID = $1 LIMIT 2]
2025-07-23T21:04:54.401-05:00 DEBUG 95508 --- [spring-reactive-demo] [           main] io.r2dbc.h2.client.SessionClient         : Request:  SELECT users.* FROM users WHERE users.ID = $1 LIMIT 2 {1: CAST(9 AS BIGINT)}
2025-07-23T21:04:54.401-05:00 DEBUG 95508 --- [spring-reactive-demo] [           main] io.r2dbc.h2.client.SessionClient         : Response: org.h2.result.LocalResult@76d1f6ea columns: 4 rows: 1 pos: -1
2025-07-23T21:04:54.401-05:00 DEBUG 95508 --- [spring-reactive-demo] [           main] io.r2dbc.h2.client.SessionClient         : Request:  SELECT CURRENT_TIMESTAMP
2025-07-23T21:04:54.401-05:00 DEBUG 95508 --- [spring-reactive-demo] [           main] io.r2dbc.h2.client.SessionClient         : Response: org.h2.result.LocalResult@3580134d columns: 1 rows: 1 pos: -1
]]></system-out>
  </testcase>
  <testcase name="findByDepartment_ShouldReturnUsersInDepartment" classname="com.interview.repository.UserRepositoryTest" time="0.003">
    <system-out><![CDATA[2025-07-23T21:04:54.403-05:00 DEBUG 95508 --- [spring-reactive-demo] [           main] io.r2dbc.h2.client.SessionClient         : Request:  SELECT CURRENT_TIMESTAMP
2025-07-23T21:04:54.403-05:00 DEBUG 95508 --- [spring-reactive-demo] [           main] io.r2dbc.h2.client.SessionClient         : Response: org.h2.result.LocalResult@6fefc5ea columns: 1 rows: 1 pos: -1
2025-07-23T21:04:54.403-05:00 DEBUG 95508 --- [spring-reactive-demo] [           main] o.s.r2dbc.core.DefaultDatabaseClient     : Executing SQL statement [SELECT users.ID, users.NAME, users.EMAIL, users.DEPARTMENT FROM users WHERE users.DEPARTMENT = $1]
2025-07-23T21:04:54.404-05:00 DEBUG 95508 --- [spring-reactive-demo] [           main] io.r2dbc.h2.client.SessionClient         : Request:  SELECT users.ID, users.NAME, users.EMAIL, users.DEPARTMENT FROM users WHERE users.DEPARTMENT = $1 {1: 'Engineering'}
2025-07-23T21:04:54.404-05:00 DEBUG 95508 --- [spring-reactive-demo] [           main] io.r2dbc.h2.client.SessionClient         : Response: org.h2.result.LocalResult@6159fb3c columns: 4 rows: 2 pos: -1
2025-07-23T21:04:54.404-05:00 DEBUG 95508 --- [spring-reactive-demo] [           main] io.r2dbc.h2.client.SessionClient         : Request:  SELECT CURRENT_TIMESTAMP
2025-07-23T21:04:54.404-05:00 DEBUG 95508 --- [spring-reactive-demo] [           main] io.r2dbc.h2.client.SessionClient         : Response: org.h2.result.LocalResult@37142579 columns: 1 rows: 1 pos: -1
]]></system-out>
  </testcase>
</testsuite>